<?xml version="1.0" encoding="UTF-8"?>
<testng-results skipped="0" failed="0" ignored="0" total="1" passed="1">
  <reporter-output>
  </reporter-output>
  <suite name="Default suite" duration-ms="2824" started-at="2020-04-28T15:00:00 IST" finished-at="2020-04-28T15:00:03 IST">
    <groups>
    </groups>
    <test name="Default test" duration-ms="2824" started-at="2020-04-28T15:00:00 IST" finished-at="2020-04-28T15:00:03 IST">
      <class name="org.com.test.copy.testRestApi">
        <test-method status="PASS" signature="setup()[pri:0, instance:org.com.test.copy.testRestApi@12948e2]" name="setup" is-config="true" duration-ms="29" started-at="2020-04-28T15:00:00 IST" finished-at="2020-04-28T15:00:00 IST">
          <reporter-output>
          </reporter-output>
        </test-method> <!-- setup -->
        <test-method status="PASS" signature="getTest()[pri:0, instance:org.com.test.copy.testRestApi@12948e2]" name="getTest" duration-ms="2662" started-at="2020-04-28T15:00:00 IST" finished-at="2020-04-28T15:00:03 IST">
          <reporter-output>
          </reporter-output>
        </test-method> <!-- getTest -->
      </class> <!-- org.com.test.copy.testRestApi -->
    </test> <!-- Default test -->
  </suite> <!-- Default suite -->
</testng-results>
