<?xml version="1.0" encoding="UTF-8"?>
<testng-results skipped="0" failed="0" ignored="8" total="20" passed="12">
  <reporter-output>
  </reporter-output>
  <suite name="Suite" duration-ms="320" started-at="2020-03-03T22:38:07 IST" finished-at="2020-03-03T22:38:07 IST">
    <groups>
    </groups>
    <test name="Test feature1" duration-ms="159" started-at="2020-03-03T22:38:07 IST" finished-at="2020-03-03T22:38:07 IST">
      <class name="testngpackage.DependsOnMethod">
        <test-method status="PASS" signature="automobileTestInitialization()[pri:0, instance:testngpackage.DependsOnMethod@19d02cb]" name="automobileTestInitialization" is-config="true" duration-ms="0" started-at="2020-03-03T22:38:07 IST" finished-at="2020-03-03T22:38:07 IST">
          <reporter-output>
          </reporter-output>
        </test-method> <!-- automobileTestInitialization -->
        <test-method status="PASS" signature="beforeClass()[pri:0, instance:testngpackage.DependsOnMethod@19d02cb]" name="beforeClass" is-config="true" duration-ms="0" started-at="2020-03-03T22:38:07 IST" finished-at="2020-03-03T22:38:07 IST">
          <reporter-output>
          </reporter-output>
        </test-method> <!-- beforeClass -->
        <test-method status="PASS" signature="login()[pri:0, instance:testngpackage.DependsOnMethod@19d02cb]" name="login" duration-ms="20" started-at="2020-03-03T22:38:07 IST" finished-at="2020-03-03T22:38:07 IST">
          <reporter-output>
          </reporter-output>
        </test-method> <!-- login -->
        <test-method status="PASS" signature="beforeMethod()[pri:0, instance:testngpackage.DependsOnMethod@19d02cb]" name="beforeMethod" is-config="true" duration-ms="0" started-at="2020-03-03T22:38:07 IST" finished-at="2020-03-03T22:38:07 IST">
          <reporter-output>
          </reporter-output>
        </test-method> <!-- beforeMethod -->
        <test-method status="PASS" signature="afterMethod()[pri:0, instance:testngpackage.DependsOnMethod@19d02cb]" name="afterMethod" is-config="true" duration-ms="0" started-at="2020-03-03T22:38:07 IST" finished-at="2020-03-03T22:38:07 IST">
          <reporter-output>
          </reporter-output>
        </test-method> <!-- afterMethod -->
        <test-method status="PASS" signature="homepage()[pri:0, instance:testngpackage.DependsOnMethod@19d02cb]" name="homepage" duration-ms="0" started-at="2020-03-03T22:38:07 IST" depends-on-methods="testngpackage.DependsOnMethod.login" finished-at="2020-03-03T22:38:07 IST">
          <reporter-output>
          </reporter-output>
        </test-method> <!-- homepage -->
        <test-method status="PASS" signature="beforeMethod()[pri:0, instance:testngpackage.DependsOnMethod@19d02cb]" name="beforeMethod" is-config="true" duration-ms="0" started-at="2020-03-03T22:38:07 IST" finished-at="2020-03-03T22:38:07 IST">
          <reporter-output>
          </reporter-output>
        </test-method> <!-- beforeMethod -->
        <test-method status="PASS" signature="logout()[pri:0, instance:testngpackage.DependsOnMethod@19d02cb]" name="logout" duration-ms="10" started-at="2020-03-03T22:38:07 IST" depends-on-methods="testngpackage.DependsOnMethod.homepage" finished-at="2020-03-03T22:38:07 IST">
          <reporter-output>
          </reporter-output>
        </test-method> <!-- logout -->
        <test-method status="PASS" signature="afterMethod()[pri:0, instance:testngpackage.DependsOnMethod@19d02cb]" name="afterMethod" is-config="true" duration-ms="0" started-at="2020-03-03T22:38:07 IST" finished-at="2020-03-03T22:38:07 IST">
          <reporter-output>
          </reporter-output>
        </test-method> <!-- afterMethod -->
        <test-method status="PASS" signature="beforeMethod()[pri:0, instance:testngpackage.DependsOnMethod@19d02cb]" name="beforeMethod" is-config="true" duration-ms="0" started-at="2020-03-03T22:38:07 IST" finished-at="2020-03-03T22:38:07 IST">
          <reporter-output>
          </reporter-output>
        </test-method> <!-- beforeMethod -->
        <test-method status="PASS" signature="afterMethod()[pri:0, instance:testngpackage.DependsOnMethod@19d02cb]" name="afterMethod" is-config="true" duration-ms="0" started-at="2020-03-03T22:38:07 IST" finished-at="2020-03-03T22:38:07 IST">
          <reporter-output>
          </reporter-output>
        </test-method> <!-- afterMethod -->
        <test-method status="PASS" signature="afterClass()[pri:0, instance:testngpackage.DependsOnMethod@19d02cb]" name="afterClass" is-config="true" duration-ms="0" started-at="2020-03-03T22:38:07 IST" finished-at="2020-03-03T22:38:07 IST">
          <reporter-output>
          </reporter-output>
        </test-method> <!-- afterClass -->
        <test-method status="PASS" signature="automobileTestTearDown()[pri:0, instance:testngpackage.DependsOnMethod@19d02cb]" name="automobileTestTearDown" is-config="true" duration-ms="0" started-at="2020-03-03T22:38:07 IST" finished-at="2020-03-03T22:38:07 IST">
          <reporter-output>
          </reporter-output>
        </test-method> <!-- automobileTestTearDown -->
      </class> <!-- testngpackage.DependsOnMethod -->
      <class name="testngpackage.FirstTestCase">
        <test-method status="PASS" signature="beforeClass()[pri:0, instance:testngpackage.FirstTestCase@1753b6d]" name="beforeClass" is-config="true" duration-ms="0" started-at="2020-03-03T22:38:07 IST" finished-at="2020-03-03T22:38:07 IST">
          <reporter-output>
          </reporter-output>
        </test-method> <!-- beforeClass -->
        <test-method status="PASS" signature="beforeMethod()[pri:0, instance:testngpackage.FirstTestCase@1753b6d]" name="beforeMethod" is-config="true" duration-ms="0" started-at="2020-03-03T22:38:07 IST" finished-at="2020-03-03T22:38:07 IST">
          <reporter-output>
          </reporter-output>
        </test-method> <!-- beforeMethod -->
        <test-method status="PASS" signature="test2()[pri:0, instance:testngpackage.FirstTestCase@1753b6d]" name="test2" duration-ms="3" started-at="2020-03-03T22:38:07 IST" finished-at="2020-03-03T22:38:07 IST">
          <reporter-output>
          </reporter-output>
        </test-method> <!-- test2 -->
        <test-method status="PASS" signature="afterMethod()[pri:0, instance:testngpackage.FirstTestCase@1753b6d]" name="afterMethod" is-config="true" duration-ms="0" started-at="2020-03-03T22:38:07 IST" finished-at="2020-03-03T22:38:07 IST">
          <reporter-output>
          </reporter-output>
        </test-method> <!-- afterMethod -->
        <test-method status="PASS" signature="beforeMethod()[pri:0, instance:testngpackage.FirstTestCase@1753b6d]" name="beforeMethod" is-config="true" duration-ms="1" started-at="2020-03-03T22:38:07 IST" finished-at="2020-03-03T22:38:07 IST">
          <reporter-output>
          </reporter-output>
        </test-method> <!-- beforeMethod -->
        <test-method status="PASS" signature="test3()[pri:0, instance:testngpackage.FirstTestCase@1753b6d]" name="test3" duration-ms="4" started-at="2020-03-03T22:38:07 IST" finished-at="2020-03-03T22:38:07 IST">
          <reporter-output>
          </reporter-output>
        </test-method> <!-- test3 -->
        <test-method status="PASS" signature="afterMethod()[pri:0, instance:testngpackage.FirstTestCase@1753b6d]" name="afterMethod" is-config="true" duration-ms="0" started-at="2020-03-03T22:38:07 IST" finished-at="2020-03-03T22:38:07 IST">
          <reporter-output>
          </reporter-output>
        </test-method> <!-- afterMethod -->
        <test-method status="PASS" signature="beforeMethod()[pri:0, instance:testngpackage.FirstTestCase@1753b6d]" name="beforeMethod" is-config="true" duration-ms="1" started-at="2020-03-03T22:38:07 IST" finished-at="2020-03-03T22:38:07 IST">
          <reporter-output>
          </reporter-output>
        </test-method> <!-- beforeMethod -->
        <test-method status="PASS" signature="test1()[pri:1, instance:testngpackage.FirstTestCase@1753b6d]" name="test1" duration-ms="3" started-at="2020-03-03T22:38:07 IST" finished-at="2020-03-03T22:38:07 IST">
          <reporter-output>
          </reporter-output>
        </test-method> <!-- test1 -->
        <test-method status="PASS" signature="afterMethod()[pri:0, instance:testngpackage.FirstTestCase@1753b6d]" name="afterMethod" is-config="true" duration-ms="5" started-at="2020-03-03T22:38:07 IST" finished-at="2020-03-03T22:38:07 IST">
          <reporter-output>
          </reporter-output>
        </test-method> <!-- afterMethod -->
        <test-method status="PASS" signature="afterClass()[pri:0, instance:testngpackage.FirstTestCase@1753b6d]" name="afterClass" is-config="true" duration-ms="0" started-at="2020-03-03T22:38:07 IST" finished-at="2020-03-03T22:38:07 IST">
          <reporter-output>
          </reporter-output>
        </test-method> <!-- afterClass -->
      </class> <!-- testngpackage.FirstTestCase -->
    </test> <!-- Test feature1 -->
    <test name="Test feature 2" duration-ms="62" started-at="2020-03-03T22:38:07 IST" finished-at="2020-03-03T22:38:07 IST">
      <class name="testngpackage.DependsOnMethod">
        <test-method status="PASS" signature="suiteInitialization()[pri:0, instance:testngpackage.DependsOnMethod@7551fb]" name="suiteInitialization" is-config="true" duration-ms="30" started-at="2020-03-03T22:38:07 IST" finished-at="2020-03-03T22:38:07 IST">
          <reporter-output>
          </reporter-output>
        </test-method> <!-- suiteInitialization -->
        <test-method status="PASS" signature="automobileTestInitialization()[pri:0, instance:testngpackage.DependsOnMethod@7551fb]" name="automobileTestInitialization" is-config="true" duration-ms="0" started-at="2020-03-03T22:38:07 IST" finished-at="2020-03-03T22:38:07 IST">
          <reporter-output>
          </reporter-output>
        </test-method> <!-- automobileTestInitialization -->
        <test-method status="PASS" signature="beforeClass()[pri:0, instance:testngpackage.DependsOnMethod@7551fb]" name="beforeClass" is-config="true" duration-ms="0" started-at="2020-03-03T22:38:07 IST" finished-at="2020-03-03T22:38:07 IST">
          <reporter-output>
          </reporter-output>
        </test-method> <!-- beforeClass -->
        <test-method status="PASS" signature="beforeMethod()[pri:0, instance:testngpackage.DependsOnMethod@7551fb]" name="beforeMethod" is-config="true" duration-ms="0" started-at="2020-03-03T22:38:07 IST" finished-at="2020-03-03T22:38:07 IST">
          <reporter-output>
          </reporter-output>
        </test-method> <!-- beforeMethod -->
        <test-method status="PASS" signature="login()[pri:0, instance:testngpackage.DependsOnMethod@7551fb]" name="login" duration-ms="2" started-at="2020-03-03T22:38:07 IST" finished-at="2020-03-03T22:38:07 IST">
          <reporter-output>
          </reporter-output>
        </test-method> <!-- login -->
        <test-method status="PASS" signature="afterMethod()[pri:0, instance:testngpackage.DependsOnMethod@7551fb]" name="afterMethod" is-config="true" duration-ms="1" started-at="2020-03-03T22:38:07 IST" finished-at="2020-03-03T22:38:07 IST">
          <reporter-output>
          </reporter-output>
        </test-method> <!-- afterMethod -->
        <test-method status="PASS" signature="beforeMethod()[pri:0, instance:testngpackage.DependsOnMethod@7551fb]" name="beforeMethod" is-config="true" duration-ms="1" started-at="2020-03-03T22:38:07 IST" finished-at="2020-03-03T22:38:07 IST">
          <reporter-output>
          </reporter-output>
        </test-method> <!-- beforeMethod -->
        <test-method status="PASS" signature="homepage()[pri:0, instance:testngpackage.DependsOnMethod@7551fb]" name="homepage" duration-ms="5" started-at="2020-03-03T22:38:07 IST" depends-on-methods="testngpackage.DependsOnMethod.login" finished-at="2020-03-03T22:38:07 IST">
          <reporter-output>
          </reporter-output>
        </test-method> <!-- homepage -->
        <test-method status="PASS" signature="afterMethod()[pri:0, instance:testngpackage.DependsOnMethod@7551fb]" name="afterMethod" is-config="true" duration-ms="5" started-at="2020-03-03T22:38:07 IST" finished-at="2020-03-03T22:38:07 IST">
          <reporter-output>
          </reporter-output>
        </test-method> <!-- afterMethod -->
        <test-method status="PASS" signature="beforeMethod()[pri:0, instance:testngpackage.DependsOnMethod@7551fb]" name="beforeMethod" is-config="true" duration-ms="1" started-at="2020-03-03T22:38:07 IST" finished-at="2020-03-03T22:38:07 IST">
          <reporter-output>
          </reporter-output>
        </test-method> <!-- beforeMethod -->
        <test-method status="PASS" signature="logout()[pri:0, instance:testngpackage.DependsOnMethod@7551fb]" name="logout" duration-ms="7" started-at="2020-03-03T22:38:07 IST" depends-on-methods="testngpackage.DependsOnMethod.homepage" finished-at="2020-03-03T22:38:07 IST">
          <reporter-output>
          </reporter-output>
        </test-method> <!-- logout -->
        <test-method status="PASS" signature="afterMethod()[pri:0, instance:testngpackage.DependsOnMethod@7551fb]" name="afterMethod" is-config="true" duration-ms="1" started-at="2020-03-03T22:38:07 IST" finished-at="2020-03-03T22:38:07 IST">
          <reporter-output>
          </reporter-output>
        </test-method> <!-- afterMethod -->
        <test-method status="PASS" signature="afterClass()[pri:0, instance:testngpackage.DependsOnMethod@7551fb]" name="afterClass" is-config="true" duration-ms="0" started-at="2020-03-03T22:38:07 IST" finished-at="2020-03-03T22:38:07 IST">
          <reporter-output>
          </reporter-output>
        </test-method> <!-- afterClass -->
        <test-method status="PASS" signature="automobileTestTearDown()[pri:0, instance:testngpackage.DependsOnMethod@7551fb]" name="automobileTestTearDown" is-config="true" duration-ms="0" started-at="2020-03-03T22:38:07 IST" finished-at="2020-03-03T22:38:07 IST">
          <reporter-output>
          </reporter-output>
        </test-method> <!-- automobileTestTearDown -->
        <test-method status="PASS" signature="suiteTearDown()[pri:0, instance:testngpackage.DependsOnMethod@7551fb]" name="suiteTearDown" is-config="true" duration-ms="1" started-at="2020-03-03T22:38:07 IST" finished-at="2020-03-03T22:38:07 IST">
          <reporter-output>
          </reporter-output>
        </test-method> <!-- suiteTearDown -->
      </class> <!-- testngpackage.DependsOnMethod -->
      <class name="testngpackage.FirstTestCase">
        <test-method status="PASS" signature="beforeClass()[pri:0, instance:testngpackage.FirstTestCase@1552920]" name="beforeClass" is-config="true" duration-ms="0" started-at="2020-03-03T22:38:07 IST" finished-at="2020-03-03T22:38:07 IST">
          <reporter-output>
          </reporter-output>
        </test-method> <!-- beforeClass -->
        <test-method status="PASS" signature="beforeMethod()[pri:0, instance:testngpackage.FirstTestCase@1552920]" name="beforeMethod" is-config="true" duration-ms="1" started-at="2020-03-03T22:38:07 IST" finished-at="2020-03-03T22:38:07 IST">
          <reporter-output>
          </reporter-output>
        </test-method> <!-- beforeMethod -->
        <test-method status="PASS" signature="test2()[pri:0, instance:testngpackage.FirstTestCase@1552920]" name="test2" duration-ms="1" started-at="2020-03-03T22:38:07 IST" finished-at="2020-03-03T22:38:07 IST">
          <reporter-output>
          </reporter-output>
        </test-method> <!-- test2 -->
        <test-method status="PASS" signature="afterMethod()[pri:0, instance:testngpackage.FirstTestCase@1552920]" name="afterMethod" is-config="true" duration-ms="0" started-at="2020-03-03T22:38:07 IST" finished-at="2020-03-03T22:38:07 IST">
          <reporter-output>
          </reporter-output>
        </test-method> <!-- afterMethod -->
        <test-method status="PASS" signature="beforeMethod()[pri:0, instance:testngpackage.FirstTestCase@1552920]" name="beforeMethod" is-config="true" duration-ms="0" started-at="2020-03-03T22:38:07 IST" finished-at="2020-03-03T22:38:07 IST">
          <reporter-output>
          </reporter-output>
        </test-method> <!-- beforeMethod -->
        <test-method status="PASS" signature="test3()[pri:0, instance:testngpackage.FirstTestCase@1552920]" name="test3" duration-ms="2" started-at="2020-03-03T22:38:07 IST" finished-at="2020-03-03T22:38:07 IST">
          <reporter-output>
          </reporter-output>
        </test-method> <!-- test3 -->
        <test-method status="PASS" signature="afterMethod()[pri:0, instance:testngpackage.FirstTestCase@1552920]" name="afterMethod" is-config="true" duration-ms="1" started-at="2020-03-03T22:38:07 IST" finished-at="2020-03-03T22:38:07 IST">
          <reporter-output>
          </reporter-output>
        </test-method> <!-- afterMethod -->
        <test-method status="PASS" signature="beforeMethod()[pri:0, instance:testngpackage.FirstTestCase@1552920]" name="beforeMethod" is-config="true" duration-ms="1" started-at="2020-03-03T22:38:07 IST" finished-at="2020-03-03T22:38:07 IST">
          <reporter-output>
          </reporter-output>
        </test-method> <!-- beforeMethod -->
        <test-method status="PASS" signature="test1()[pri:1, instance:testngpackage.FirstTestCase@1552920]" name="test1" duration-ms="1" started-at="2020-03-03T22:38:07 IST" finished-at="2020-03-03T22:38:07 IST">
          <reporter-output>
          </reporter-output>
        </test-method> <!-- test1 -->
        <test-method status="PASS" signature="afterClass()[pri:0, instance:testngpackage.FirstTestCase@1552920]" name="afterClass" is-config="true" duration-ms="1" started-at="2020-03-03T22:38:07 IST" finished-at="2020-03-03T22:38:07 IST">
          <reporter-output>
          </reporter-output>
        </test-method> <!-- afterClass -->
        <test-method status="PASS" signature="afterMethod()[pri:0, instance:testngpackage.FirstTestCase@1552920]" name="afterMethod" is-config="true" duration-ms="0" started-at="2020-03-03T22:38:07 IST" finished-at="2020-03-03T22:38:07 IST">
          <reporter-output>
          </reporter-output>
        </test-method> <!-- afterMethod -->
      </class> <!-- testngpackage.FirstTestCase -->
    </test> <!-- Test feature 2 -->
  </suite> <!-- Suite -->
</testng-results>
