<?xml version="1.0" encoding="UTF-8"?>
<!-- Generated by org.testng.reporters.JUnitXMLReporter -->
<testsuite hostname="HP-PC" ignored="0" name="Default test" tests="6" failures="0" timestamp="2020-03-03T09:39:01 IST" time="0.146" errors="0">
  <testcase name="login" time="0.02" classname="testngpackage.DependsOnMethod"/>
  <testcase name="homepage" time="0.0" classname="testngpackage.DependsOnMethod"/>
  <testcase name="logout" time="0.0" classname="testngpackage.DependsOnMethod"/>
  <testcase name="test2" time="0.01" classname="testngpackage.FirstTestCase"/>
  <testcase name="test3" time="0.002" classname="testngpackage.FirstTestCase"/>
  <testcase name="test1" time="0.005" classname="testngpackage.FirstTestCase"/>
</testsuite> <!-- Default test -->
