<?xml version="1.0" encoding="UTF-8"?>
<!-- Generated by org.testng.reporters.JUnitXMLReporter -->
<testsuite hostname="HP-PC" ignored="62" name="Test" tests="24" failures="1" timestamp="05 Mar 2020 03:38:15 GMT" time="93.925" errors="0">
  <testcase name="ProductData" time="0.032" classname="motorcycle.EnterProductData"/>
  <testcase name="PriceOption" time="0.002" classname="motorcycle.SelectPriceOption"/>
  <testcase name="ProductData" time="0.004" classname="automobile.EnterProductData"/>
  <testcase name="SendtheQuote" time="0.002" classname="truck.SendQuote"/>
  <testcase name="InsurantData" time="0.002" classname="camper.EnterInsurantData"/>
  <testcase name="PriceOption" time="0.001" classname="truck.SelectPriceOption"/>
  <testcase name="ProductData" time="0.008" classname="camper.EnterProductData"/>
  <testcase name="VehicleData" time="0.002" classname="camper.EnterVehicleData"/>
  <testcase name="ProductData" time="0.08" classname="truck.EnterProductData"/>
  <testcase name="VehicleData" time="0.005" classname="truck.EnterVehicleData"/>
  <testcase name="test1" time="34.192" classname="samplepackage.TestScript"/>
  <testcase name="test2" time="0.003" classname="samplepackage.TestScript"/>
  <testcase name="test3" time="0.003" classname="samplepackage.TestScript"/>
  <testcase name="ClickAutomation" time="0.003" classname="automobile.EnterInsurantData">
    <failure type="java.lang.NullPointerException">
      <![CDATA[java.lang.NullPointerExceptionat automobile.EnterInsurantData.ClickAutomation(EnterInsurantData.java:32)... Removed 25 stack frames]]>
    </failure>
  </testcase> <!-- ClickAutomation -->
  <testcase name="InsurantDataPageLaunch" time="59.225" classname="automobile.EnterInsurantData"/>
  <testcase name="SendtheQuote" time="0.005" classname="motorcycle.SendQuote"/>
  <testcase name="PriceOption" time="0.007" classname="camper.SelectPriceOption"/>
  <testcase name="SendtheQuote" time="0.003" classname="camper.SendQuote"/>
  <testcase name="VehicleData" time="0.003" classname="automobile.EnterVehicleData"/>
  <testcase name="InsurantData" time="0.003" classname="truck.EnterInsurantData"/>
  <testcase name="InsurantData" time="0.003" classname="motorcycle.EnterInsurantData"/>
  <testcase name="VehicleData" time="0.003" classname="motorcycle.EnterVehicleData"/>
  <testcase name="PriceOption" time="0.003" classname="automobile.SelectPriceOption"/>
  <testcase name="SendtheQuote" time="0.003" classname="automobile.SendQuote"/>
  <testcase name="@AfterTest camperTestTearDown" time="0.0" classname="camper.testInitialzation">
    <ignored/>
  </testcase> <!-- @AfterTest camperTestTearDown -->
  <testcase name="@AfterTest camperTestTearDown" time="0.0" classname="camper.testInitialzation">
    <ignored/>
  </testcase> <!-- @AfterTest camperTestTearDown -->
  <testcase name="@AfterTest camperTestTearDown" time="0.0" classname="camper.testInitialzation">
    <ignored/>
  </testcase> <!-- @AfterTest camperTestTearDown -->
  <testcase name="@AfterTest camperTestTearDown" time="0.0" classname="camper.testInitialzation">
    <ignored/>
  </testcase> <!-- @AfterTest camperTestTearDown -->
  <testcase name="@BeforeTest motorcycleTestInitialization" time="0.0" classname="motorcycle.testInitialzation">
    <ignored/>
  </testcase> <!-- @BeforeTest motorcycleTestInitialization -->
  <testcase name="@BeforeTest motorcycleTestInitialization" time="0.0" classname="motorcycle.testInitialzation">
    <ignored/>
  </testcase> <!-- @BeforeTest motorcycleTestInitialization -->
  <testcase name="@BeforeTest motorcycleTestInitialization" time="0.0" classname="motorcycle.testInitialzation">
    <ignored/>
  </testcase> <!-- @BeforeTest motorcycleTestInitialization -->
  <testcase name="@BeforeTest motorcycleTestInitialization" time="0.0" classname="motorcycle.testInitialzation">
    <ignored/>
  </testcase> <!-- @BeforeTest motorcycleTestInitialization -->
  <testcase name="@AfterSuite suiteTearDown" time="0.0" classname="testsuite.suiteinitialization">
    <ignored/>
  </testcase> <!-- @AfterSuite suiteTearDown -->
  <testcase name="@AfterSuite suiteTearDown" time="0.0" classname="testsuite.suiteinitialization">
    <ignored/>
  </testcase> <!-- @AfterSuite suiteTearDown -->
  <testcase name="@AfterSuite suiteTearDown" time="0.0" classname="testsuite.suiteinitialization">
    <ignored/>
  </testcase> <!-- @AfterSuite suiteTearDown -->
  <testcase name="@AfterSuite suiteTearDown" time="0.0" classname="testsuite.suiteinitialization">
    <ignored/>
  </testcase> <!-- @AfterSuite suiteTearDown -->
  <testcase name="@AfterSuite suiteTearDown" time="0.0" classname="testsuite.suiteinitialization">
    <ignored/>
  </testcase> <!-- @AfterSuite suiteTearDown -->
  <testcase name="@AfterSuite suiteTearDown" time="0.0" classname="testsuite.suiteinitialization">
    <ignored/>
  </testcase> <!-- @AfterSuite suiteTearDown -->
  <testcase name="@AfterSuite suiteTearDown" time="0.0" classname="testsuite.suiteinitialization">
    <ignored/>
  </testcase> <!-- @AfterSuite suiteTearDown -->
  <testcase name="@AfterSuite suiteTearDown" time="0.0" classname="testsuite.suiteinitialization">
    <ignored/>
  </testcase> <!-- @AfterSuite suiteTearDown -->
  <testcase name="@AfterSuite suiteTearDown" time="0.0" classname="testsuite.suiteinitialization">
    <ignored/>
  </testcase> <!-- @AfterSuite suiteTearDown -->
  <testcase name="@AfterSuite suiteTearDown" time="0.0" classname="testsuite.suiteinitialization">
    <ignored/>
  </testcase> <!-- @AfterSuite suiteTearDown -->
  <testcase name="@AfterSuite suiteTearDown" time="0.0" classname="testsuite.suiteinitialization">
    <ignored/>
  </testcase> <!-- @AfterSuite suiteTearDown -->
  <testcase name="@AfterSuite suiteTearDown" time="0.0" classname="testsuite.suiteinitialization">
    <ignored/>
  </testcase> <!-- @AfterSuite suiteTearDown -->
  <testcase name="@AfterSuite suiteTearDown" time="0.0" classname="testsuite.suiteinitialization">
    <ignored/>
  </testcase> <!-- @AfterSuite suiteTearDown -->
  <testcase name="@AfterSuite suiteTearDown" time="0.0" classname="testsuite.suiteinitialization">
    <ignored/>
  </testcase> <!-- @AfterSuite suiteTearDown -->
  <testcase name="@AfterSuite suiteTearDown" time="0.0" classname="testsuite.suiteinitialization">
    <ignored/>
  </testcase> <!-- @AfterSuite suiteTearDown -->
  <testcase name="@AfterSuite suiteTearDown" time="0.0" classname="testsuite.suiteinitialization">
    <ignored/>
  </testcase> <!-- @AfterSuite suiteTearDown -->
  <testcase name="@AfterSuite suiteTearDown" time="0.0" classname="testsuite.suiteinitialization">
    <ignored/>
  </testcase> <!-- @AfterSuite suiteTearDown -->
  <testcase name="@BeforeTest automobileTestInitialization" time="0.0" classname="automobile.testInitialzation">
    <ignored/>
  </testcase> <!-- @BeforeTest automobileTestInitialization -->
  <testcase name="@BeforeTest automobileTestInitialization" time="0.0" classname="automobile.testInitialzation">
    <ignored/>
  </testcase> <!-- @BeforeTest automobileTestInitialization -->
  <testcase name="@BeforeTest automobileTestInitialization" time="0.0" classname="automobile.testInitialzation">
    <ignored/>
  </testcase> <!-- @BeforeTest automobileTestInitialization -->
  <testcase name="@BeforeTest automobileTestInitialization" time="0.0" classname="automobile.testInitialzation">
    <ignored/>
  </testcase> <!-- @BeforeTest automobileTestInitialization -->
  <testcase name="@BeforeTest automobileTestInitialization" time="0.0" classname="automobile.testInitialzation">
    <ignored/>
  </testcase> <!-- @BeforeTest automobileTestInitialization -->
  <testcase name="@BeforeTest automobileTestInitialization" time="0.0" classname="automobile.testInitialzation">
    <ignored/>
  </testcase> <!-- @BeforeTest automobileTestInitialization -->
  <testcase name="@BeforeSuite suiteInitialization" time="0.0" classname="testsuite.suiteinitialization">
    <ignored/>
  </testcase> <!-- @BeforeSuite suiteInitialization -->
  <testcase name="@BeforeSuite suiteInitialization" time="0.0" classname="testsuite.suiteinitialization">
    <ignored/>
  </testcase> <!-- @BeforeSuite suiteInitialization -->
  <testcase name="@BeforeSuite suiteInitialization" time="0.0" classname="testsuite.suiteinitialization">
    <ignored/>
  </testcase> <!-- @BeforeSuite suiteInitialization -->
  <testcase name="@BeforeSuite suiteInitialization" time="0.0" classname="testsuite.suiteinitialization">
    <ignored/>
  </testcase> <!-- @BeforeSuite suiteInitialization -->
  <testcase name="@BeforeSuite suiteInitialization" time="0.0" classname="testsuite.suiteinitialization">
    <ignored/>
  </testcase> <!-- @BeforeSuite suiteInitialization -->
  <testcase name="@BeforeSuite suiteInitialization" time="0.0" classname="testsuite.suiteinitialization">
    <ignored/>
  </testcase> <!-- @BeforeSuite suiteInitialization -->
  <testcase name="@BeforeSuite suiteInitialization" time="0.0" classname="testsuite.suiteinitialization">
    <ignored/>
  </testcase> <!-- @BeforeSuite suiteInitialization -->
  <testcase name="@BeforeSuite suiteInitialization" time="0.0" classname="testsuite.suiteinitialization">
    <ignored/>
  </testcase> <!-- @BeforeSuite suiteInitialization -->
  <testcase name="@BeforeSuite suiteInitialization" time="0.0" classname="testsuite.suiteinitialization">
    <ignored/>
  </testcase> <!-- @BeforeSuite suiteInitialization -->
  <testcase name="@BeforeSuite suiteInitialization" time="0.0" classname="testsuite.suiteinitialization">
    <ignored/>
  </testcase> <!-- @BeforeSuite suiteInitialization -->
  <testcase name="@BeforeSuite suiteInitialization" time="0.0" classname="testsuite.suiteinitialization">
    <ignored/>
  </testcase> <!-- @BeforeSuite suiteInitialization -->
  <testcase name="@BeforeSuite suiteInitialization" time="0.0" classname="testsuite.suiteinitialization">
    <ignored/>
  </testcase> <!-- @BeforeSuite suiteInitialization -->
  <testcase name="@BeforeSuite suiteInitialization" time="0.0" classname="testsuite.suiteinitialization">
    <ignored/>
  </testcase> <!-- @BeforeSuite suiteInitialization -->
  <testcase name="@BeforeSuite suiteInitialization" time="0.0" classname="testsuite.suiteinitialization">
    <ignored/>
  </testcase> <!-- @BeforeSuite suiteInitialization -->
  <testcase name="@BeforeSuite suiteInitialization" time="0.0" classname="testsuite.suiteinitialization">
    <ignored/>
  </testcase> <!-- @BeforeSuite suiteInitialization -->
  <testcase name="@BeforeSuite suiteInitialization" time="0.0" classname="testsuite.suiteinitialization">
    <ignored/>
  </testcase> <!-- @BeforeSuite suiteInitialization -->
  <testcase name="@BeforeSuite suiteInitialization" time="0.0" classname="testsuite.suiteinitialization">
    <ignored/>
  </testcase> <!-- @BeforeSuite suiteInitialization -->
  <testcase name="@BeforeTest camperTestInitialization" time="0.0" classname="camper.testInitialzation">
    <ignored/>
  </testcase> <!-- @BeforeTest camperTestInitialization -->
  <testcase name="@BeforeTest camperTestInitialization" time="0.0" classname="camper.testInitialzation">
    <ignored/>
  </testcase> <!-- @BeforeTest camperTestInitialization -->
  <testcase name="@BeforeTest camperTestInitialization" time="0.0" classname="camper.testInitialzation">
    <ignored/>
  </testcase> <!-- @BeforeTest camperTestInitialization -->
  <testcase name="@BeforeTest camperTestInitialization" time="0.0" classname="camper.testInitialzation">
    <ignored/>
  </testcase> <!-- @BeforeTest camperTestInitialization -->
  <testcase name="@AfterTest motorcycleTestTearDown" time="0.0" classname="motorcycle.testInitialzation">
    <ignored/>
  </testcase> <!-- @AfterTest motorcycleTestTearDown -->
  <testcase name="@AfterTest automobileTestTearDown" time="0.0" classname="automobile.testInitialzation">
    <ignored/>
  </testcase> <!-- @AfterTest automobileTestTearDown -->
  <testcase name="@AfterTest motorcycleTestTearDown" time="0.0" classname="motorcycle.testInitialzation">
    <ignored/>
  </testcase> <!-- @AfterTest motorcycleTestTearDown -->
  <testcase name="@AfterTest automobileTestTearDown" time="0.0" classname="automobile.testInitialzation">
    <ignored/>
  </testcase> <!-- @AfterTest automobileTestTearDown -->
  <testcase name="@AfterTest motorcycleTestTearDown" time="0.0" classname="motorcycle.testInitialzation">
    <ignored/>
  </testcase> <!-- @AfterTest motorcycleTestTearDown -->
  <testcase name="@AfterTest automobileTestTearDown" time="0.0" classname="automobile.testInitialzation">
    <ignored/>
  </testcase> <!-- @AfterTest automobileTestTearDown -->
  <testcase name="@AfterTest automobileTestTearDown" time="0.0" classname="automobile.testInitialzation">
    <ignored/>
  </testcase> <!-- @AfterTest automobileTestTearDown -->
  <testcase name="@AfterTest motorcycleTestTearDown" time="0.0" classname="motorcycle.testInitialzation">
    <ignored/>
  </testcase> <!-- @AfterTest motorcycleTestTearDown -->
  <testcase name="@AfterTest automobileTestTearDown" time="0.0" classname="automobile.testInitialzation">
    <ignored/>
  </testcase> <!-- @AfterTest automobileTestTearDown -->
  <testcase name="@AfterTest automobileTestTearDown" time="0.0" classname="automobile.testInitialzation">
    <ignored/>
  </testcase> <!-- @AfterTest automobileTestTearDown -->
</testsuite> <!-- Test -->
