<?xml version="1.0" encoding="UTF-8"?>
<!-- Generated by org.testng.reporters.JUnitXMLReporter -->
<testsuite hostname="SHASHANK_SUDHIR" ignored="4" name="Test" tests="5" failures="0" timestamp="2020-03-08T15:57:34 IST" time="47.954" errors="0">
  <testcase name="VehicleData" time="9.818" classname="automobile.EnterVehicleData"/>
  <testcase name="InsurantData" time="5.895" classname="automobile.EnterInsurantData"/>
  <testcase name="ProductData" time="3.62" classname="automobile.EnterProductData"/>
  <testcase name="PriceOption" time="8.206" classname="automobile.SelectPriceOption"/>
  <testcase name="Quote" time="1.764" classname="automobile.SendQuote"/>
  <testcase name="@BeforeTest Chromebrowser" time="0.0" classname="automobile.Browser">
    <ignored/>
  </testcase> <!-- @BeforeTest Chromebrowser -->
  <testcase name="@BeforeTest Chromebrowser" time="0.0" classname="automobile.Browser">
    <ignored/>
  </testcase> <!-- @BeforeTest Chromebrowser -->
  <testcase name="@BeforeTest Chromebrowser" time="0.0" classname="automobile.Browser">
    <ignored/>
  </testcase> <!-- @BeforeTest Chromebrowser -->
  <testcase name="@BeforeTest Chromebrowser" time="0.0" classname="automobile.Browser">
    <ignored/>
  </testcase> <!-- @BeforeTest Chromebrowser -->
</testsuite> <!-- Test -->
