<?xml version="1.0" encoding="UTF-8"?>
<testng-results skipped="0" failed="0" ignored="0" total="1" passed="1">
  <reporter-output>
  </reporter-output>
  <suite name="Default suite" duration-ms="4612" started-at="2020-03-11T10:37:59 IST" finished-at="2020-03-11T10:38:04 IST">
    <groups>
    </groups>
    <test name="Default test" duration-ms="4612" started-at="2020-03-11T10:37:59 IST" finished-at="2020-03-11T10:38:04 IST">
      <class name="apitestcases.APItest2">
        <test-method status="PASS" signature="postrequest()[pri:0, instance:apitestcases.APItest2@9f73a2]" name="postrequest" duration-ms="4530" started-at="2020-03-11T10:37:59 IST" finished-at="2020-03-11T10:38:04 IST">
          <reporter-output>
          </reporter-output>
        </test-method> <!-- postrequest -->
      </class> <!-- apitestcases.APItest2 -->
    </test> <!-- Default test -->
  </suite> <!-- Default suite -->
</testng-results>
