<?xml version="1.0" encoding="UTF-8"?>
<testng-results skipped="0" failed="0" ignored="0" total="1" passed="1">
  <reporter-output>
  </reporter-output>
  <suite name="Suite" duration-ms="54427" started-at="2020-04-18T23:16:51 IST" finished-at="2020-04-18T23:17:46 IST">
    <groups>
    </groups>
    <test name="Test" duration-ms="54427" started-at="2020-04-18T23:16:51 IST" finished-at="2020-04-18T23:17:46 IST">
      <class name="casestestpackage.TestCasesNewButton">
        <test-method status="PASS" signature="browserOpen(java.lang.String)[pri:0, instance:casestestpackage.TestCasesNewButton@d8062c]" name="browserOpen" is-config="true" duration-ms="31643" started-at="2020-04-18T23:16:51 IST" finished-at="2020-04-18T23:17:23 IST">
          <params>
            <param index="0">
              <value>
                <![CDATA[Chrome]]>
              </value>
            </param>
          </params>
          <reporter-output>
          </reporter-output>
        </test-method> <!-- browserOpen -->
        <test-method status="PASS" signature="verifyClickNewButton()[pri:0, instance:casestestpackage.TestCasesNewButton@d8062c]" name="verifyClickNewButton" duration-ms="22708" started-at="2020-04-18T23:17:23 IST" finished-at="2020-04-18T23:17:46 IST">
          <reporter-output>
          </reporter-output>
        </test-method> <!-- verifyClickNewButton -->
      </class> <!-- casestestpackage.TestCasesNewButton -->
    </test> <!-- Test -->
  </suite> <!-- Suite -->
</testng-results>
