<?xml version="1.0" encoding="UTF-8"?>
<!-- Generated by org.testng.reporters.JUnitXMLReporter -->
<testsuite hostname="HP-PC" ignored="1" name="Test" tests="2" failures="0" timestamp="2020-03-10T09:59:46 IST" time="0.141" errors="0">
  <testcase name="test" time="0.0" classname="testngpackage.LearnDataProvider"/>
  <testcase name="test" time="0.0" classname="testngpackage.LearnDataProvider"/>
  <testcase name="testskip" time="0.0" classname="testngpackage.LearnDataProvider">
    <ignored/>
  </testcase> <!-- testskip -->
</testsuite> <!-- Test -->
