<?xml version="1.0" encoding="UTF-8"?>
<!-- Generated by org.testng.reporters.JUnitXMLReporter -->
<testsuite hostname="HP-PC" ignored="0" name="Test1" tests="3" failures="0" timestamp="2020-03-10T09:59:46 IST" time="0.031" errors="0">
  <testcase name="test" time="0.016" classname="testngpackage.LearnDataProvider"/>
  <testcase name="test" time="0.0" classname="testngpackage.LearnDataProvider"/>
  <testcase name="testskip" time="0.0" classname="testngpackage.LearnDataProvider"/>
</testsuite> <!-- Test1 -->
