<?xml version="1.0" encoding="UTF-8"?>
<!-- Generated by org.testng.reporters.JUnitXMLReporter -->
<testsuite hostname="HP-PC" ignored="0" name="Test" tests="3" failures="0" timestamp="2020-03-03T09:25:01 IST" time="0.127" errors="0">
  <testcase name="login" time="0.023" classname="testngpackage.DependsOnMethod"/>
  <testcase name="homepage" time="0.002" classname="testngpackage.DependsOnMethod"/>
  <testcase name="logout" time="0.002" classname="testngpackage.DependsOnMethod"/>
</testsuite> <!-- Test -->
