<?xml version="1.0" encoding="UTF-8"?>
<!-- Generated by org.testng.reporters.JUnitXMLReporter -->
<testsuite hostname="HP-PC" ignored="4" name="Test feature 2" tests="6" failures="0" timestamp="2020-03-03T22:38:07 IST" time="0.062" errors="0">
  <testcase name="login" time="0.002" classname="testngpackage.DependsOnMethod"/>
  <testcase name="homepage" time="0.005" classname="testngpackage.DependsOnMethod"/>
  <testcase name="logout" time="0.007" classname="testngpackage.DependsOnMethod"/>
  <testcase name="test2" time="0.001" classname="testngpackage.FirstTestCase"/>
  <testcase name="test3" time="0.002" classname="testngpackage.FirstTestCase"/>
  <testcase name="test1" time="0.001" classname="testngpackage.FirstTestCase"/>
  <testcase name="@BeforeSuite suiteInitialization" time="0.0" classname="testngpackage.SuiteInitializationAndTearDown">
    <ignored/>
  </testcase> <!-- @BeforeSuite suiteInitialization -->
  <testcase name="@BeforeTest automobileTestInitialization" time="0.0" classname="testngpackage.TestInitializationAndTearDown">
    <ignored/>
  </testcase> <!-- @BeforeTest automobileTestInitialization -->
  <testcase name="@AfterTest automobileTestTearDown" time="0.0" classname="testngpackage.TestInitializationAndTearDown">
    <ignored/>
  </testcase> <!-- @AfterTest automobileTestTearDown -->
  <testcase name="@AfterSuite suiteTearDown" time="0.0" classname="testngpackage.SuiteInitializationAndTearDown">
    <ignored/>
  </testcase> <!-- @AfterSuite suiteTearDown -->
</testsuite> <!-- Test feature 2 -->
