<?xml version="1.0" encoding="UTF-8"?>
<!-- Generated by org.testng.reporters.JUnitXMLReporter -->
<testsuite hostname="HP-PC" ignored="62" name="Test" tests="20" failures="0" timestamp="2020-03-04T09:03:45 IST" time="0.224" errors="0">
  <testcase name="InsurantData" time="0.01" classname="automobile.EnterInsurantData"/>
  <testcase name="ProductData" time="0.01" classname="automobile.EnterProductData"/>
  <testcase name="VehicleData" time="0.01" classname="automobile.EnterVehicleData"/>
  <testcase name="PriceOption" time="0.0" classname="automobile.SelectPriceOption"/>
  <testcase name="SendtheQuote" time="0.0" classname="automobile.SendQuote"/>
  <testcase name="InsurantData" time="0.002" classname="camper.EnterInsurantData"/>
  <testcase name="ProductData" time="0.003" classname="camper.EnterProductData"/>
  <testcase name="VehicleData" time="0.005" classname="camper.EnterVehicleData"/>
  <testcase name="PriceOption" time="0.003" classname="camper.SelectPriceOption"/>
  <testcase name="SendtheQuote" time="0.002" classname="camper.SendQuote"/>
  <testcase name="InsurantData" time="0.002" classname="motorcycle.EnterInsurantData"/>
  <testcase name="ProductData" time="0.004" classname="motorcycle.EnterProductData"/>
  <testcase name="VehicleData" time="0.002" classname="motorcycle.EnterVehicleData"/>
  <testcase name="PriceOption" time="0.007" classname="motorcycle.SelectPriceOption"/>
  <testcase name="SendtheQuote" time="0.002" classname="motorcycle.SendQuote"/>
  <testcase name="InsurantData" time="0.002" classname="truck.EnterInsurantData"/>
  <testcase name="ProductData" time="0.008" classname="truck.EnterProductData"/>
  <testcase name="VehicleData" time="0.002" classname="truck.EnterVehicleData"/>
  <testcase name="PriceOption" time="0.002" classname="truck.SelectPriceOption"/>
  <testcase name="SendtheQuote" time="0.002" classname="truck.SendQuote"/>
  <testcase name="@AfterTest camperTestTearDown" time="0.0" classname="camper.testInitialzation">
    <ignored/>
  </testcase> <!-- @AfterTest camperTestTearDown -->
  <testcase name="@AfterTest camperTestTearDown" time="0.0" classname="camper.testInitialzation">
    <ignored/>
  </testcase> <!-- @AfterTest camperTestTearDown -->
  <testcase name="@AfterTest camperTestTearDown" time="0.0" classname="camper.testInitialzation">
    <ignored/>
  </testcase> <!-- @AfterTest camperTestTearDown -->
  <testcase name="@AfterTest camperTestTearDown" time="0.0" classname="camper.testInitialzation">
    <ignored/>
  </testcase> <!-- @AfterTest camperTestTearDown -->
  <testcase name="@BeforeTest motorcycleTestInitialization" time="0.0" classname="motorcycle.testInitialzation">
    <ignored/>
  </testcase> <!-- @BeforeTest motorcycleTestInitialization -->
  <testcase name="@BeforeTest motorcycleTestInitialization" time="0.0" classname="motorcycle.testInitialzation">
    <ignored/>
  </testcase> <!-- @BeforeTest motorcycleTestInitialization -->
  <testcase name="@BeforeTest motorcycleTestInitialization" time="0.0" classname="motorcycle.testInitialzation">
    <ignored/>
  </testcase> <!-- @BeforeTest motorcycleTestInitialization -->
  <testcase name="@BeforeTest motorcycleTestInitialization" time="0.0" classname="motorcycle.testInitialzation">
    <ignored/>
  </testcase> <!-- @BeforeTest motorcycleTestInitialization -->
  <testcase name="@AfterSuite suiteTearDown" time="0.0" classname="testsuite.suiteinitialization">
    <ignored/>
  </testcase> <!-- @AfterSuite suiteTearDown -->
  <testcase name="@AfterSuite suiteTearDown" time="0.0" classname="testsuite.suiteinitialization">
    <ignored/>
  </testcase> <!-- @AfterSuite suiteTearDown -->
  <testcase name="@AfterSuite suiteTearDown" time="0.0" classname="testsuite.suiteinitialization">
    <ignored/>
  </testcase> <!-- @AfterSuite suiteTearDown -->
  <testcase name="@AfterSuite suiteTearDown" time="0.0" classname="testsuite.suiteinitialization">
    <ignored/>
  </testcase> <!-- @AfterSuite suiteTearDown -->
  <testcase name="@AfterSuite suiteTearDown" time="0.0" classname="testsuite.suiteinitialization">
    <ignored/>
  </testcase> <!-- @AfterSuite suiteTearDown -->
  <testcase name="@AfterSuite suiteTearDown" time="0.0" classname="testsuite.suiteinitialization">
    <ignored/>
  </testcase> <!-- @AfterSuite suiteTearDown -->
  <testcase name="@AfterSuite suiteTearDown" time="0.0" classname="testsuite.suiteinitialization">
    <ignored/>
  </testcase> <!-- @AfterSuite suiteTearDown -->
  <testcase name="@AfterSuite suiteTearDown" time="0.0" classname="testsuite.suiteinitialization">
    <ignored/>
  </testcase> <!-- @AfterSuite suiteTearDown -->
  <testcase name="@AfterSuite suiteTearDown" time="0.0" classname="testsuite.suiteinitialization">
    <ignored/>
  </testcase> <!-- @AfterSuite suiteTearDown -->
  <testcase name="@AfterSuite suiteTearDown" time="0.0" classname="testsuite.suiteinitialization">
    <ignored/>
  </testcase> <!-- @AfterSuite suiteTearDown -->
  <testcase name="@AfterSuite suiteTearDown" time="0.0" classname="testsuite.suiteinitialization">
    <ignored/>
  </testcase> <!-- @AfterSuite suiteTearDown -->
  <testcase name="@AfterSuite suiteTearDown" time="0.0" classname="testsuite.suiteinitialization">
    <ignored/>
  </testcase> <!-- @AfterSuite suiteTearDown -->
  <testcase name="@AfterSuite suiteTearDown" time="0.0" classname="testsuite.suiteinitialization">
    <ignored/>
  </testcase> <!-- @AfterSuite suiteTearDown -->
  <testcase name="@AfterSuite suiteTearDown" time="0.0" classname="testsuite.suiteinitialization">
    <ignored/>
  </testcase> <!-- @AfterSuite suiteTearDown -->
  <testcase name="@AfterSuite suiteTearDown" time="0.0" classname="testsuite.suiteinitialization">
    <ignored/>
  </testcase> <!-- @AfterSuite suiteTearDown -->
  <testcase name="@AfterSuite suiteTearDown" time="0.0" classname="testsuite.suiteinitialization">
    <ignored/>
  </testcase> <!-- @AfterSuite suiteTearDown -->
  <testcase name="@AfterSuite suiteTearDown" time="0.0" classname="testsuite.suiteinitialization">
    <ignored/>
  </testcase> <!-- @AfterSuite suiteTearDown -->
  <testcase name="@BeforeTest automobileTestInitialization" time="0.0" classname="automobile.testInitialzation">
    <ignored/>
  </testcase> <!-- @BeforeTest automobileTestInitialization -->
  <testcase name="@BeforeTest automobileTestInitialization" time="0.0" classname="automobile.testInitialzation">
    <ignored/>
  </testcase> <!-- @BeforeTest automobileTestInitialization -->
  <testcase name="@BeforeTest automobileTestInitialization" time="0.0" classname="automobile.testInitialzation">
    <ignored/>
  </testcase> <!-- @BeforeTest automobileTestInitialization -->
  <testcase name="@BeforeTest automobileTestInitialization" time="0.0" classname="automobile.testInitialzation">
    <ignored/>
  </testcase> <!-- @BeforeTest automobileTestInitialization -->
  <testcase name="@BeforeTest automobileTestInitialization" time="0.0" classname="automobile.testInitialzation">
    <ignored/>
  </testcase> <!-- @BeforeTest automobileTestInitialization -->
  <testcase name="@BeforeTest automobileTestInitialization" time="0.0" classname="automobile.testInitialzation">
    <ignored/>
  </testcase> <!-- @BeforeTest automobileTestInitialization -->
  <testcase name="@BeforeSuite suiteInitialization" time="0.0" classname="testsuite.suiteinitialization">
    <ignored/>
  </testcase> <!-- @BeforeSuite suiteInitialization -->
  <testcase name="@BeforeSuite suiteInitialization" time="0.0" classname="testsuite.suiteinitialization">
    <ignored/>
  </testcase> <!-- @BeforeSuite suiteInitialization -->
  <testcase name="@BeforeSuite suiteInitialization" time="0.0" classname="testsuite.suiteinitialization">
    <ignored/>
  </testcase> <!-- @BeforeSuite suiteInitialization -->
  <testcase name="@BeforeSuite suiteInitialization" time="0.0" classname="testsuite.suiteinitialization">
    <ignored/>
  </testcase> <!-- @BeforeSuite suiteInitialization -->
  <testcase name="@BeforeSuite suiteInitialization" time="0.0" classname="testsuite.suiteinitialization">
    <ignored/>
  </testcase> <!-- @BeforeSuite suiteInitialization -->
  <testcase name="@BeforeSuite suiteInitialization" time="0.0" classname="testsuite.suiteinitialization">
    <ignored/>
  </testcase> <!-- @BeforeSuite suiteInitialization -->
  <testcase name="@BeforeSuite suiteInitialization" time="0.0" classname="testsuite.suiteinitialization">
    <ignored/>
  </testcase> <!-- @BeforeSuite suiteInitialization -->
  <testcase name="@BeforeSuite suiteInitialization" time="0.0" classname="testsuite.suiteinitialization">
    <ignored/>
  </testcase> <!-- @BeforeSuite suiteInitialization -->
  <testcase name="@BeforeSuite suiteInitialization" time="0.0" classname="testsuite.suiteinitialization">
    <ignored/>
  </testcase> <!-- @BeforeSuite suiteInitialization -->
  <testcase name="@BeforeSuite suiteInitialization" time="0.0" classname="testsuite.suiteinitialization">
    <ignored/>
  </testcase> <!-- @BeforeSuite suiteInitialization -->
  <testcase name="@BeforeSuite suiteInitialization" time="0.0" classname="testsuite.suiteinitialization">
    <ignored/>
  </testcase> <!-- @BeforeSuite suiteInitialization -->
  <testcase name="@BeforeSuite suiteInitialization" time="0.0" classname="testsuite.suiteinitialization">
    <ignored/>
  </testcase> <!-- @BeforeSuite suiteInitialization -->
  <testcase name="@BeforeSuite suiteInitialization" time="0.0" classname="testsuite.suiteinitialization">
    <ignored/>
  </testcase> <!-- @BeforeSuite suiteInitialization -->
  <testcase name="@BeforeSuite suiteInitialization" time="0.0" classname="testsuite.suiteinitialization">
    <ignored/>
  </testcase> <!-- @BeforeSuite suiteInitialization -->
  <testcase name="@BeforeSuite suiteInitialization" time="0.0" classname="testsuite.suiteinitialization">
    <ignored/>
  </testcase> <!-- @BeforeSuite suiteInitialization -->
  <testcase name="@BeforeSuite suiteInitialization" time="0.0" classname="testsuite.suiteinitialization">
    <ignored/>
  </testcase> <!-- @BeforeSuite suiteInitialization -->
  <testcase name="@BeforeSuite suiteInitialization" time="0.0" classname="testsuite.suiteinitialization">
    <ignored/>
  </testcase> <!-- @BeforeSuite suiteInitialization -->
  <testcase name="@BeforeTest camperTestInitialization" time="0.0" classname="camper.testInitialzation">
    <ignored/>
  </testcase> <!-- @BeforeTest camperTestInitialization -->
  <testcase name="@BeforeTest camperTestInitialization" time="0.0" classname="camper.testInitialzation">
    <ignored/>
  </testcase> <!-- @BeforeTest camperTestInitialization -->
  <testcase name="@BeforeTest camperTestInitialization" time="0.0" classname="camper.testInitialzation">
    <ignored/>
  </testcase> <!-- @BeforeTest camperTestInitialization -->
  <testcase name="@BeforeTest camperTestInitialization" time="0.0" classname="camper.testInitialzation">
    <ignored/>
  </testcase> <!-- @BeforeTest camperTestInitialization -->
  <testcase name="@AfterTest automobileTestTearDown" time="0.0" classname="automobile.testInitialzation">
    <ignored/>
  </testcase> <!-- @AfterTest automobileTestTearDown -->
  <testcase name="@AfterTest automobileTestTearDown" time="0.0" classname="automobile.testInitialzation">
    <ignored/>
  </testcase> <!-- @AfterTest automobileTestTearDown -->
  <testcase name="@AfterTest automobileTestTearDown" time="0.0" classname="automobile.testInitialzation">
    <ignored/>
  </testcase> <!-- @AfterTest automobileTestTearDown -->
  <testcase name="@AfterTest automobileTestTearDown" time="0.0" classname="automobile.testInitialzation">
    <ignored/>
  </testcase> <!-- @AfterTest automobileTestTearDown -->
  <testcase name="@AfterTest motorcycleTestTearDown" time="0.0" classname="motorcycle.testInitialzation">
    <ignored/>
  </testcase> <!-- @AfterTest motorcycleTestTearDown -->
  <testcase name="@AfterTest motorcycleTestTearDown" time="0.0" classname="motorcycle.testInitialzation">
    <ignored/>
  </testcase> <!-- @AfterTest motorcycleTestTearDown -->
  <testcase name="@AfterTest motorcycleTestTearDown" time="0.0" classname="motorcycle.testInitialzation">
    <ignored/>
  </testcase> <!-- @AfterTest motorcycleTestTearDown -->
  <testcase name="@AfterTest motorcycleTestTearDown" time="0.0" classname="motorcycle.testInitialzation">
    <ignored/>
  </testcase> <!-- @AfterTest motorcycleTestTearDown -->
  <testcase name="@AfterTest automobileTestTearDown" time="0.0" classname="automobile.testInitialzation">
    <ignored/>
  </testcase> <!-- @AfterTest automobileTestTearDown -->
  <testcase name="@AfterTest automobileTestTearDown" time="0.0" classname="automobile.testInitialzation">
    <ignored/>
  </testcase> <!-- @AfterTest automobileTestTearDown -->
</testsuite> <!-- Test -->
