<?xml version="1.0" encoding="UTF-8"?>
<!-- Generated by org.testng.reporters.JUnitXMLReporter -->
<testsuite hostname="HP-PC" ignored="16" name="Default test" tests="5" failures="0" timestamp="2020-03-03T22:47:48 IST" time="0.111" errors="0">
  <testcase name="PriceOption" time="0.01" classname="camper.SelectPriceOption"/>
  <testcase name="VehicleData" time="0.0" classname="camper.EnterVehicleData"/>
  <testcase name="InsurantData" time="0.0" classname="camper.EnterInsurantData"/>
  <testcase name="SendtheQuote" time="0.0" classname="camper.SendQuote"/>
  <testcase name="ProductData" time="0.0" classname="camper.EnterProductData"/>
  <testcase name="@AfterTest camperTestTearDown" time="0.0" classname="camper.testInitialzation">
    <ignored/>
  </testcase> <!-- @AfterTest camperTestTearDown -->
  <testcase name="@AfterTest camperTestTearDown" time="0.0" classname="camper.testInitialzation">
    <ignored/>
  </testcase> <!-- @AfterTest camperTestTearDown -->
  <testcase name="@AfterTest camperTestTearDown" time="0.0" classname="camper.testInitialzation">
    <ignored/>
  </testcase> <!-- @AfterTest camperTestTearDown -->
  <testcase name="@AfterTest camperTestTearDown" time="0.0" classname="camper.testInitialzation">
    <ignored/>
  </testcase> <!-- @AfterTest camperTestTearDown -->
  <testcase name="@AfterSuite suiteTearDown" time="0.0" classname="testsuite.suiteinitialization">
    <ignored/>
  </testcase> <!-- @AfterSuite suiteTearDown -->
  <testcase name="@AfterSuite suiteTearDown" time="0.0" classname="testsuite.suiteinitialization">
    <ignored/>
  </testcase> <!-- @AfterSuite suiteTearDown -->
  <testcase name="@AfterSuite suiteTearDown" time="0.0" classname="testsuite.suiteinitialization">
    <ignored/>
  </testcase> <!-- @AfterSuite suiteTearDown -->
  <testcase name="@AfterSuite suiteTearDown" time="0.0" classname="testsuite.suiteinitialization">
    <ignored/>
  </testcase> <!-- @AfterSuite suiteTearDown -->
  <testcase name="@BeforeTest camperTestInitialization" time="0.0" classname="camper.testInitialzation">
    <ignored/>
  </testcase> <!-- @BeforeTest camperTestInitialization -->
  <testcase name="@BeforeTest camperTestInitialization" time="0.0" classname="camper.testInitialzation">
    <ignored/>
  </testcase> <!-- @BeforeTest camperTestInitialization -->
  <testcase name="@BeforeTest camperTestInitialization" time="0.0" classname="camper.testInitialzation">
    <ignored/>
  </testcase> <!-- @BeforeTest camperTestInitialization -->
  <testcase name="@BeforeTest camperTestInitialization" time="0.0" classname="camper.testInitialzation">
    <ignored/>
  </testcase> <!-- @BeforeTest camperTestInitialization -->
  <testcase name="@BeforeSuite suiteInitialization" time="0.0" classname="testsuite.suiteinitialization">
    <ignored/>
  </testcase> <!-- @BeforeSuite suiteInitialization -->
  <testcase name="@BeforeSuite suiteInitialization" time="0.0" classname="testsuite.suiteinitialization">
    <ignored/>
  </testcase> <!-- @BeforeSuite suiteInitialization -->
  <testcase name="@BeforeSuite suiteInitialization" time="0.0" classname="testsuite.suiteinitialization">
    <ignored/>
  </testcase> <!-- @BeforeSuite suiteInitialization -->
  <testcase name="@BeforeSuite suiteInitialization" time="0.0" classname="testsuite.suiteinitialization">
    <ignored/>
  </testcase> <!-- @BeforeSuite suiteInitialization -->
</testsuite> <!-- Default test -->
